# JRE version: OpenJDK Runtime Environment (21.0.4+7) (build 21.0.4+7-Ubuntu-1ubuntu222.04)
# Java VM: OpenJDK 64-Bit Server VM (21.0.4+7-Ubuntu-1ubuntu222.04, mixed mode, sharing, tiered, compressed oops, compressed class ptrs, g1 gc, linux-aarch64)
GC Precious Log:
 CardTable entry size: 512
 Card Set container configuration: InlinePtr #cards 4 size 8 Array Of Cards #cards 64 size 144 Howl #buckets 8 coarsen threshold 14745 Howl Bitmap #cards 2048 size 272 coarsen threshold 1843 Card regions per heap region 1 cards per card region 16384
 CPUs: 6 total, 6 available
 Memory: 7646M
 Large Page Support: Disabled
 NUMA Support: Disabled
 Compressed Oops: Enabled (Zero based)
 Heap Region Size: 8M
 Heap Min Capacity: 4G
 Heap Initial Capacity: 4G
 Heap Max Capacity: 4G
 Pre-touch: Enabled
 Parallel Workers: 6
 Concurrent Workers: 2
 Concurrent Refinement Workers: 6
 Periodic GC: Disabled
Heap:
 garbage-first heap   total 4194304K, used 704393K [0x0000000700000000, 0x0000000800000000)
  region size 8192K, 56 young (458752K), 1 survivors (8192K)
 Metaspace       used 119620K, committed 120768K, reserved 1179648K
  class space    used 18587K, committed 19072K, reserved 1048576K
GC Heap History (20 events):
Event: 11.452 GC heap before
{Heap before GC invocations=0 (full 0):
 garbage-first heap   total 4194304K, used 762910K [0x0000000700000000, 0x0000000800000000)
  region size 8192K, 27 young (221184K), 0 survivors (0K)
 Metaspace       used 21080K, committed 21504K, reserved 1114112K
  class space    used 2338K, committed 2560K, reserved 1048576K
}
Event: 11.464 GC heap after
{Heap after GC invocations=1 (full 0):
 garbage-first heap   total 4194304K, used 13626K [0x0000000700000000, 0x0000000800000000)
  region size 8192K, 2 young (16384K), 2 survivors (16384K)
 Metaspace       used 21080K, committed 21504K, reserved 1114112K
  class space    used 2338K, committed 2560K, reserved 1048576K
}
Event: 17.287 GC heap before
{Heap before GC invocations=2 (full 0):
 garbage-first heap   total 4194304K, used 455994K [0x0000000700000000, 0x0000000800000000)
  region size 8192K, 57 young (466944K), 2 survivors (16384K)
 Metaspace       used 35606K, committed 36096K, reserved 1114112K
  class space    used 4272K, committed 4480K, reserved 1048576K
}
Event: 17.368 GC heap after
{Heap after GC invocations=3 (full 0):
 garbage-first heap   total 4194304K, used 82264K [0x0000000700000000, 0x0000000800000000)
  region size 8192K, 5 young (40960K), 5 survivors (40960K)
 Metaspace       used 35606K, committed 36096K, reserved 1114112K
  class space    used 4272K, committed 4480K, reserved 1048576K
}
Event: 17.752 GC heap before
{Heap before GC invocations=3 (full 0):
 garbage-first heap   total 4194304K, used 164184K [0x0000000700000000, 0x0000000800000000)
  region size 8192K, 16 young (131072K), 5 survivors (40960K)
 Metaspace       used 35936K, committed 36416K, reserved 1114112K
  class space    used 4340K, committed 4544K, reserved 1048576K
}
Event: 17.820 GC heap after
{Heap after GC invocations=4 (full 0):
 garbage-first heap   total 4194304K, used 105093K [0x0000000700000000, 0x0000000800000000)
  region size 8192K, 3 young (24576K), 3 survivors (24576K)
 Metaspace       used 35936K, committed 36416K, reserved 1114112K
  class space    used 4340K, committed 4544K, reserved 1048576K
}
Event: 17.998 GC heap before
{Heap before GC invocations=4 (full 0):
 garbage-first heap   total 4194304K, used 154245K [0x0000000700000000, 0x0000000800000000)
  region size 8192K, 10 young (81920K), 3 survivors (24576K)
 Metaspace       used 36273K, committed 36736K, reserved 1114112K
  class space    used 4390K, committed 4608K, reserved 1048576K
}
Event: 18.022 GC heap after
{Heap after GC invocations=5 (full 0):
 garbage-first heap   total 4194304K, used 113332K [0x0000000700000000, 0x0000000800000000)
  region size 8192K, 2 young (16384K), 2 survivors (16384K)
 Metaspace       used 36273K, committed 36736K, reserved 1114112K
  class space    used 4390K, committed 4608K, reserved 1048576K
}
Event: 22.225 GC heap before
{Heap before GC invocations=6 (full 0):
 garbage-first heap   total 4194304K, used 490164K [0x0000000700000000, 0x0000000800000000)
  region size 8192K, 49 young (401408K), 2 survivors (16384K)
 Metaspace       used 60889K, committed 61696K, reserved 1114112K
  class space    used 8844K, committed 9216K, reserved 1048576K
}
Event: 22.283 GC heap after
{Heap after GC invocations=7 (full 0):
 garbage-first heap   total 4194304K, used 184835K [0x0000000700000000, 0x0000000800000000)
  region size 8192K, 5 young (40960K), 5 survivors (40960K)
 Metaspace       used 60889K, committed 61696K, reserved 1114112K
  class space    used 8844K, committed 9216K, reserved 1048576K
}
Event: 22.333 GC heap before
{Heap before GC invocations=7 (full 0):
 garbage-first heap   total 4194304K, used 184835K [0x0000000700000000, 0x0000000800000000)
  region size 8192K, 6 young (49152K), 5 survivors (40960K)
 Metaspace       used 61213K, committed 62016K, reserved 1114112K
  class space    used 8931K, committed 9280K, reserved 1048576K
}
Event: 22.372 GC heap after
{Heap after GC invocations=8 (full 0):
 garbage-first heap   total 4194304K, used 190227K [0x0000000700000000, 0x0000000800000000)
  region size 8192K, 1 young (8192K), 1 survivors (8192K)
 Metaspace       used 61213K, committed 62016K, reserved 1114112K
  class space    used 8931K, committed 9280K, reserved 1048576K
}
Event: 22.404 GC heap before
{Heap before GC invocations=8 (full 0):
 garbage-first heap   total 4194304K, used 190227K [0x0000000700000000, 0x0000000800000000)
  region size 8192K, 2 young (16384K), 1 survivors (8192K)
 Metaspace       used 61512K, committed 62336K, reserved 1114112K
  class space    used 8994K, committed 9344K, reserved 1048576K
}
Event: 22.407 GC heap after
{Heap after GC invocations=9 (full 0):
 garbage-first heap   total 4194304K, used 188907K [0x0000000700000000, 0x0000000800000000)
  region size 8192K, 1 young (8192K), 1 survivors (8192K)
 Metaspace       used 61512K, committed 62336K, reserved 1114112K
  class space    used 8994K, committed 9344K, reserved 1048576K
}
Event: 31.229 GC heap before
{Heap before GC invocations=10 (full 0):
 garbage-first heap   total 4194304K, used 1139179K [0x0000000700000000, 0x0000000800000000)
  region size 8192K, 119 young (974848K), 1 survivors (8192K)
 Metaspace       used 105217K, committed 106240K, reserved 1179648K
  class space    used 14074K, committed 14528K, reserved 1048576K
}
Event: 31.278 GC heap after
{Heap after GC invocations=11 (full 0):
 garbage-first heap   total 4194304K, used 255382K [0x0000000700000000, 0x0000000800000000)
  region size 8192K, 5 young (40960K), 5 survivors (40960K)
 Metaspace       used 105217K, committed 106240K, reserved 1179648K
  class space    used 14074K, committed 14528K, reserved 1048576K
}
Event: 31.320 GC heap before
{Heap before GC invocations=11 (full 0):
 garbage-first heap   total 4194304K, used 255382K [0x0000000700000000, 0x0000000800000000)
  region size 8192K, 7 young (57344K), 5 survivors (40960K)
 Metaspace       used 105505K, committed 106560K, reserved 1179648K
  class space    used 14103K, committed 14592K, reserved 1048576K
}
Event: 31.359 GC heap after
{Heap after GC invocations=12 (full 0):
 garbage-first heap   total 4194304K, used 258765K [0x0000000700000000, 0x0000000800000000)
  region size 8192K, 1 young (8192K), 1 survivors (8192K)
 Metaspace       used 105505K, committed 106560K, reserved 1179648K
  class space    used 14103K, committed 14592K, reserved 1048576K
}
Event: 31.452 GC heap before
{Heap before GC invocations=12 (full 0):
 garbage-first heap   total 4194304K, used 266957K [0x0000000700000000, 0x0000000800000000)
  region size 8192K, 3 young (24576K), 1 survivors (8192K)
 Metaspace       used 105882K, committed 106880K, reserved 1179648K
  class space    used 14152K, committed 14592K, reserved 1048576K
}
Event: 31.455 GC heap after
{Heap after GC invocations=13 (full 0):
 garbage-first heap   total 4194304K, used 262025K [0x0000000700000000, 0x0000000800000000)
  region size 8192K, 1 young (8192K), 1 survivors (8192K)
 Metaspace       used 105882K, committed 106880K, reserved 1179648K
  class space    used 14152K, committed 14592K, reserved 1048576K
}

