# JRE version: OpenJDK Runtime Environment (21.0.4+7) (build 21.0.4+7-Ubuntu-1ubuntu222.04)
# Java VM: OpenJDK 64-Bit Server VM (21.0.4+7-Ubuntu-1ubuntu222.04, mixed mode, sharing, tiered, compressed oops, compressed class ptrs, g1 gc, linux-aarch64)
GC Precious Log:
 CardTable entry size: 512
 Card Set container configuration: InlinePtr #cards 4 size 8 Array Of Cards #cards 16 size 48 Howl #buckets 8 coarsen threshold 3686 Howl Bitmap #cards 512 size 80 coarsen threshold 460 Card regions per heap region 1 cards per card region 4096
 CPUs: 6 total, 6 available
 Memory: 7646M
 Large Page Support: Disabled
 NUMA Support: Disabled
 Compressed Oops: Enabled (Zero based)
 Heap Region Size: 2M
 Heap Min Capacity: 1G
 Heap Initial Capacity: 1G
 Heap Max Capacity: 4G
 Pre-touch: Disabled
 Parallel Workers: 6
 Concurrent Workers: 2
 Concurrent Refinement Workers: 6
 Periodic GC: Disabled
Heap:
 garbage-first heap   total 1048576K, used 727961K [0x0000000700000000, 0x0000000800000000)
  region size 2048K, 224 young (458752K), 3 survivors (6144K)
 Metaspace       used 119348K, committed 120448K, reserved 1179648K
  class space    used 18552K, committed 19008K, reserved 1048576K
GC Heap History (20 events):
Event: 6.074 GC heap before
{Heap before GC invocations=5 (full 0):
 garbage-first heap   total 1048576K, used 172062K [0x0000000700000000, 0x0000000800000000)
  region size 2048K, 83 young (169984K), 39 survivors (79872K)
 Metaspace       used 35970K, committed 36480K, reserved 1114112K
  class space    used 4346K, committed 4608K, reserved 1048576K
}
Event: 6.128 GC heap after
{Heap after GC invocations=6 (full 0):
 garbage-first heap   total 1048576K, used 103424K [0x0000000700000000, 0x0000000800000000)
  region size 2048K, 10 young (20480K), 10 survivors (20480K)
 Metaspace       used 35970K, committed 36480K, reserved 1114112K
  class space    used 4346K, committed 4608K, reserved 1048576K
}
Event: 6.225 GC heap before
{Heap before GC invocations=6 (full 0):
 garbage-first heap   total 1048576K, used 142336K [0x0000000700000000, 0x0000000800000000)
  region size 2048K, 30 young (61440K), 10 survivors (20480K)
 Metaspace       used 36296K, committed 36800K, reserved 1114112K
  class space    used 4393K, committed 4608K, reserved 1048576K
}
Event: 6.249 GC heap after
{Heap after GC invocations=7 (full 0):
 garbage-first heap   total 1048576K, used 111280K [0x0000000700000000, 0x0000000800000000)
  region size 2048K, 5 young (10240K), 5 survivors (10240K)
 Metaspace       used 36296K, committed 36800K, reserved 1114112K
  class space    used 4393K, committed 4608K, reserved 1048576K
}
Event: 8.814 GC heap before
{Heap before GC invocations=8 (full 0):
 garbage-first heap   total 1048576K, used 303792K [0x0000000700000000, 0x0000000800000000)
  region size 2048K, 99 young (202752K), 5 survivors (10240K)
 Metaspace       used 52861K, committed 53504K, reserved 1114112K
  class space    used 7281K, committed 7552K, reserved 1048576K
}
Event: 8.856 GC heap after
{Heap after GC invocations=9 (full 0):
 garbage-first heap   total 1048576K, used 146244K [0x0000000700000000, 0x0000000800000000)
  region size 2048K, 13 young (26624K), 13 survivors (26624K)
 Metaspace       used 52861K, committed 53504K, reserved 1114112K
  class space    used 7281K, committed 7552K, reserved 1048576K
}
Event: 8.920 GC heap before
{Heap before GC invocations=9 (full 0):
 garbage-first heap   total 1048576K, used 170820K [0x0000000700000000, 0x0000000800000000)
  region size 2048K, 25 young (51200K), 13 survivors (26624K)
 Metaspace       used 52874K, committed 53504K, reserved 1114112K
  class space    used 7282K, committed 7552K, reserved 1048576K
}
Event: 8.946 GC heap after
{Heap after GC invocations=10 (full 0):
 garbage-first heap   total 1048576K, used 152048K [0x0000000700000000, 0x0000000800000000)
  region size 2048K, 3 young (6144K), 3 survivors (6144K)
 Metaspace       used 52874K, committed 53504K, reserved 1114112K
  class space    used 7282K, committed 7552K, reserved 1048576K
}
Event: 9.118 GC heap before
{Heap before GC invocations=10 (full 0):
 garbage-first heap   total 1048576K, used 238064K [0x0000000700000000, 0x0000000800000000)
  region size 2048K, 45 young (92160K), 3 survivors (6144K)
 Metaspace       used 52887K, committed 53568K, reserved 1114112K
  class space    used 7284K, committed 7552K, reserved 1048576K
}
Event: 9.137 GC heap after
{Heap after GC invocations=11 (full 0):
 garbage-first heap   total 1048576K, used 175706K [0x0000000700000000, 0x0000000800000000)
  region size 2048K, 6 young (12288K), 6 survivors (12288K)
 Metaspace       used 52887K, committed 53568K, reserved 1114112K
  class space    used 7284K, committed 7552K, reserved 1048576K
}
Event: 10.144 GC heap before
{Heap before GC invocations=11 (full 0):
 garbage-first heap   total 1048576K, used 247386K [0x0000000700000000, 0x0000000800000000)
  region size 2048K, 42 young (86016K), 6 survivors (12288K)
 Metaspace       used 61205K, committed 62016K, reserved 1114112K
  class space    used 8932K, committed 9280K, reserved 1048576K
}
Event: 10.166 GC heap after
{Heap after GC invocations=12 (full 0):
 garbage-first heap   total 1751040K, used 188930K [0x0000000700000000, 0x0000000800000000)
  region size 2048K, 6 young (12288K), 6 survivors (12288K)
 Metaspace       used 61205K, committed 62016K, reserved 1114112K
  class space    used 8932K, committed 9280K, reserved 1048576K
}
Event: 13.218 GC heap before
{Heap before GC invocations=13 (full 0):
 garbage-first heap   total 1048576K, used 446978K [0x0000000700000000, 0x0000000800000000)
  region size 2048K, 131 young (268288K), 6 survivors (12288K)
 Metaspace       used 75143K, committed 76096K, reserved 1114112K
  class space    used 11064K, committed 11456K, reserved 1048576K
}
Event: 13.246 GC heap after
{Heap after GC invocations=14 (full 0):
 garbage-first heap   total 1048576K, used 210205K [0x0000000700000000, 0x0000000800000000)
  region size 2048K, 15 young (30720K), 15 survivors (30720K)
 Metaspace       used 75143K, committed 76096K, reserved 1114112K
  class space    used 11064K, committed 11456K, reserved 1048576K
}
Event: 14.723 GC heap before
{Heap before GC invocations=14 (full 0):
 garbage-first heap   total 1048576K, used 453917K [0x0000000700000000, 0x0000000800000000)
  region size 2048K, 134 young (274432K), 15 survivors (30720K)
 Metaspace       used 79861K, committed 80832K, reserved 1179648K
  class space    used 11915K, committed 12352K, reserved 1048576K
}
Event: 14.757 GC heap after
{Heap after GC invocations=15 (full 0):
 garbage-first heap   total 1048576K, used 216456K [0x0000000700000000, 0x0000000800000000)
  region size 2048K, 4 young (8192K), 4 survivors (8192K)
 Metaspace       used 79861K, committed 80832K, reserved 1179648K
  class space    used 11915K, committed 12352K, reserved 1048576K
}
Event: 18.917 GC heap before
{Heap before GC invocations=15 (full 0):
 garbage-first heap   total 1048576K, used 636296K [0x0000000700000000, 0x0000000800000000)
  region size 2048K, 202 young (413696K), 4 survivors (8192K)
 Metaspace       used 104611K, committed 105600K, reserved 1179648K
  class space    used 14029K, committed 14464K, reserved 1048576K
}
Event: 18.947 GC heap after
{Heap after GC invocations=16 (full 0):
 garbage-first heap   total 1048576K, used 250240K [0x0000000700000000, 0x0000000800000000)
  region size 2048K, 13 young (26624K), 13 survivors (26624K)
 Metaspace       used 104611K, committed 105600K, reserved 1179648K
  class space    used 14029K, committed 14464K, reserved 1048576K
}
Event: 19.227 GC heap before
{Heap before GC invocations=16 (full 0):
 garbage-first heap   total 1048576K, used 280960K [0x0000000700000000, 0x0000000800000000)
  region size 2048K, 21 young (43008K), 13 survivors (26624K)
 Metaspace       used 104931K, committed 105920K, reserved 1179648K
  class space    used 14065K, committed 14528K, reserved 1048576K
}
Event: 19.251 GC heap after
{Heap after GC invocations=17 (full 0):
 garbage-first heap   total 1048576K, used 263065K [0x0000000700000000, 0x0000000800000000)
  region size 2048K, 3 young (6144K), 3 survivors (6144K)
 Metaspace       used 104931K, committed 105920K, reserved 1179648K
  class space    used 14065K, committed 14528K, reserved 1048576K
}

