# JRE version: OpenJDK Runtime Environment (21.0.4+7) (build 21.0.4+7-Ubuntu-1ubuntu222.04)
# Java VM: OpenJDK 64-Bit Server VM (21.0.4+7-Ubuntu-1ubuntu222.04, mixed mode, sharing, tiered, compressed oops, compressed class ptrs, g1 gc, linux-aarch64)
GC Precious Log:
 CardTable entry size: 512
 Card Set container configuration: InlinePtr #cards 4 size 8 Array Of Cards #cards 64 size 144 Howl #buckets 8 coarsen threshold 14745 Howl Bitmap #cards 2048 size 272 coarsen threshold 1843 Card regions per heap region 1 cards per card region 16384
 CPUs: 6 total, 6 available
 Memory: 7646M
 Large Page Support: Disabled
 NUMA Support: Disabled
 Compressed Oops: Enabled (Zero based)
 Heap Region Size: 8M
 Heap Min Capacity: 4G
 Heap Initial Capacity: 4G
 Heap Max Capacity: 4G
 Pre-touch: Enabled
 Parallel Workers: 6
 Concurrent Workers: 2
 Concurrent Refinement Workers: 6
 Periodic GC: Disabled
Heap:
 garbage-first heap   total 4194304K, used 976189K [0x0000000700000000, 0x0000000800000000)
  region size 8192K, 67 young (548864K), 1 survivors (8192K)
 Metaspace       used 121314K, committed 122496K, reserved 1179648K
  class space    used 18695K, committed 19200K, reserved 1048576K
GC Heap History (20 events):
Event: 37.165 GC heap before
{Heap before GC invocations=3 (full 0):
 garbage-first heap   total 4194304K, used 260067K [0x0000000700000000, 0x0000000800000000)
  region size 8192K, 33 young (270336K), 2 survivors (16384K)
 Metaspace       used 35410K, committed 35968K, reserved 1114112K
  class space    used 3941K, committed 4224K, reserved 1048576K
}
Event: 37.209 GC heap after
{Heap after GC invocations=4 (full 0):
 garbage-first heap   total 4194304K, used 76968K [0x0000000700000000, 0x0000000800000000)
  region size 8192K, 5 young (40960K), 5 survivors (40960K)
 Metaspace       used 35410K, committed 35968K, reserved 1114112K
  class space    used 3941K, committed 4224K, reserved 1048576K
}
Event: 37.229 GC heap before
{Heap before GC invocations=4 (full 0):
 garbage-first heap   total 4194304K, used 85160K [0x0000000700000000, 0x0000000800000000)
  region size 8192K, 7 young (57344K), 5 survivors (40960K)
 Metaspace       used 35734K, committed 36288K, reserved 1114112K
  class space    used 4007K, committed 4288K, reserved 1048576K
}
Event: 37.255 GC heap after
{Heap after GC invocations=5 (full 0):
 garbage-first heap   total 4194304K, used 86822K [0x0000000700000000, 0x0000000800000000)
  region size 8192K, 1 young (8192K), 1 survivors (8192K)
 Metaspace       used 35734K, committed 36288K, reserved 1114112K
  class space    used 4007K, committed 4288K, reserved 1048576K
}
Event: 37.294 GC heap before
{Heap before GC invocations=5 (full 0):
 garbage-first heap   total 4194304K, used 86822K [0x0000000700000000, 0x0000000800000000)
  region size 8192K, 2 young (16384K), 1 survivors (8192K)
 Metaspace       used 36075K, committed 36608K, reserved 1114112K
  class space    used 4059K, committed 4288K, reserved 1048576K
}
Event: 37.298 GC heap after
{Heap after GC invocations=6 (full 0):
 garbage-first heap   total 4194304K, used 89556K [0x0000000700000000, 0x0000000800000000)
  region size 8192K, 1 young (8192K), 1 survivors (8192K)
 Metaspace       used 36075K, committed 36608K, reserved 1114112K
  class space    used 4059K, committed 4288K, reserved 1048576K
}
Event: 40.784 GC heap before
{Heap before GC invocations=7 (full 0):
 garbage-first heap   total 4194304K, used 1342932K [0x0000000700000000, 0x0000000800000000)
  region size 8192K, 153 young (1253376K), 1 survivors (8192K)
 Metaspace       used 46542K, committed 47104K, reserved 1114112K
  class space    used 5437K, committed 5696K, reserved 1048576K
}
Event: 40.887 GC heap after
{Heap after GC invocations=8 (full 0):
 garbage-first heap   total 4194304K, used 290660K [0x0000000700000000, 0x0000000800000000)
  region size 8192K, 5 young (40960K), 5 survivors (40960K)
 Metaspace       used 46542K, committed 47104K, reserved 1114112K
  class space    used 5437K, committed 5696K, reserved 1048576K
}
Event: 44.804 GC heap before
{Heap before GC invocations=8 (full 0):
 garbage-first heap   total 4194304K, used 1363812K [0x0000000700000000, 0x0000000800000000)
  region size 8192K, 137 young (1122304K), 5 survivors (40960K)
 Metaspace       used 61299K, committed 62016K, reserved 1114112K
  class space    used 8242K, committed 8576K, reserved 1048576K
}
Event: 44.893 GC heap after
{Heap after GC invocations=9 (full 0):
 garbage-first heap   total 4194304K, used 392507K [0x0000000700000000, 0x0000000800000000)
  region size 8192K, 5 young (40960K), 5 survivors (40960K)
 Metaspace       used 61299K, committed 62016K, reserved 1114112K
  class space    used 8242K, committed 8576K, reserved 1048576K
}
Event: 44.950 GC heap before
{Heap before GC invocations=9 (full 0):
 garbage-first heap   total 4194304K, used 408891K [0x0000000700000000, 0x0000000800000000)
  region size 8192K, 8 young (65536K), 5 survivors (40960K)
 Metaspace       used 61606K, committed 62336K, reserved 1114112K
  class space    used 8294K, committed 8640K, reserved 1048576K
}
Event: 45.019 GC heap after
{Heap after GC invocations=10 (full 0):
 garbage-first heap   total 4194304K, used 408984K [0x0000000700000000, 0x0000000800000000)
  region size 8192K, 1 young (8192K), 1 survivors (8192K)
 Metaspace       used 61606K, committed 62336K, reserved 1114112K
  class space    used 8294K, committed 8640K, reserved 1048576K
}
Event: 53.961 GC heap before
{Heap before GC invocations=11 (full 0):
 garbage-first heap   total 4194304K, used 1654168K [0x0000000700000000, 0x0000000800000000)
  region size 8192K, 153 young (1253376K), 1 survivors (8192K)
 Metaspace       used 95586K, committed 96576K, reserved 1179648K
  class space    used 12699K, committed 13120K, reserved 1048576K
}
Event: 54.029 GC heap after
{Heap after GC invocations=12 (full 0):
 garbage-first heap   total 4194304K, used 493376K [0x0000000700000000, 0x0000000800000000)
  region size 8192K, 5 young (40960K), 5 survivors (40960K)
 Metaspace       used 95586K, committed 96576K, reserved 1179648K
  class space    used 12699K, committed 13120K, reserved 1048576K
}
Event: 55.935 GC heap before
{Heap before GC invocations=12 (full 0):
 garbage-first heap   total 4194304K, used 706368K [0x0000000700000000, 0x0000000800000000)
  region size 8192K, 32 young (262144K), 5 survivors (40960K)
 Metaspace       used 104389K, committed 105408K, reserved 1179648K
  class space    used 13933K, committed 14400K, reserved 1048576K
}
Event: 56.005 GC heap after
{Heap after GC invocations=13 (full 0):
 garbage-first heap   total 4194304K, used 527362K [0x0000000700000000, 0x0000000800000000)
  region size 8192K, 5 young (40960K), 5 survivors (40960K)
 Metaspace       used 104389K, committed 105408K, reserved 1179648K
  class space    used 13933K, committed 14400K, reserved 1048576K
}
Event: 56.039 GC heap before
{Heap before GC invocations=13 (full 0):
 garbage-first heap   total 4194304K, used 527362K [0x0000000700000000, 0x0000000800000000)
  region size 8192K, 6 young (49152K), 5 survivors (40960K)
 Metaspace       used 104699K, committed 105728K, reserved 1179648K
  class space    used 13964K, committed 14400K, reserved 1048576K
}
Event: 56.068 GC heap after
{Heap after GC invocations=14 (full 0):
 garbage-first heap   total 4194304K, used 530683K [0x0000000700000000, 0x0000000800000000)
  region size 8192K, 1 young (8192K), 1 survivors (8192K)
 Metaspace       used 104699K, committed 105728K, reserved 1179648K
  class space    used 13964K, committed 14400K, reserved 1048576K
}
Event: 56.101 GC heap before
{Heap before GC invocations=14 (full 0):
 garbage-first heap   total 4194304K, used 530683K [0x0000000700000000, 0x0000000800000000)
  region size 8192K, 2 young (16384K), 1 survivors (8192K)
 Metaspace       used 105035K, committed 106048K, reserved 1179648K
  class space    used 14007K, committed 14464K, reserved 1048576K
}
Event: 56.105 GC heap after
{Heap after GC invocations=15 (full 0):
 garbage-first heap   total 4194304K, used 533821K [0x0000000700000000, 0x0000000800000000)
  region size 8192K, 1 young (8192K), 1 survivors (8192K)
 Metaspace       used 105035K, committed 106048K, reserved 1179648K
  class space    used 14007K, committed 14464K, reserved 1048576K
}

