# JRE version: OpenJDK Runtime Environment (21.0.4+7) (build 21.0.4+7-Ubuntu-1ubuntu222.04)
# Java VM: OpenJDK 64-Bit Server VM (21.0.4+7-Ubuntu-1ubuntu222.04, mixed mode, sharing, tiered, compressed oops, compressed class ptrs, g1 gc, linux-aarch64)
GC Precious Log:
 CardTable entry size: 512
 Card Set container configuration: InlinePtr #cards 4 size 8 Array Of Cards #cards 64 size 144 Howl #buckets 8 coarsen threshold 14745 Howl Bitmap #cards 2048 size 272 coarsen threshold 1843 Card regions per heap region 1 cards per card region 16384
 CPUs: 6 total, 6 available
 Memory: 7646M
 Large Page Support: Disabled
 NUMA Support: Disabled
 Compressed Oops: Enabled (Zero based)
 Heap Region Size: 8M
 Heap Min Capacity: 1G
 Heap Initial Capacity: 1G
 Heap Max Capacity: 4G
 Pre-touch: Enabled
 Parallel Workers: 6
 Concurrent Workers: 2
 Concurrent Refinement Workers: 6
 Periodic GC: Disabled
Heap:
 garbage-first heap   total 1048576K, used 358760K [0x0000000700000000, 0x0000000800000000)
  region size 8192K, 3 young (24576K), 2 survivors (16384K)
 Metaspace       used 119417K, committed 120576K, reserved 1179648K
  class space    used 18566K, committed 19072K, reserved 1048576K
GC Heap History (20 events):
Event: 6.582 GC heap before
{Heap before GC invocations=16 (full 0):
 garbage-first heap   total 1048576K, used 218553K [0x0000000700000000, 0x0000000800000000)
  region size 8192K, 18 young (147456K), 2 survivors (16384K)
 Metaspace       used 36718K, committed 37248K, reserved 1114112K
  class space    used 4467K, committed 4672K, reserved 1048576K
}
Event: 6.635 GC heap after
{Heap after GC invocations=17 (full 0):
 garbage-first heap   total 1048576K, used 120693K [0x0000000700000000, 0x0000000800000000)
  region size 8192K, 2 young (16384K), 2 survivors (16384K)
 Metaspace       used 36718K, committed 37248K, reserved 1114112K
  class space    used 4467K, committed 4672K, reserved 1048576K
}
Event: 6.661 GC heap before
{Heap before GC invocations=17 (full 0):
 garbage-first heap   total 1048576K, used 120693K [0x0000000700000000, 0x0000000800000000)
  region size 8192K, 3 young (24576K), 2 survivors (16384K)
 Metaspace       used 37061K, committed 37568K, reserved 1114112K
  class space    used 4505K, committed 4736K, reserved 1048576K
}
Event: 6.675 GC heap after
{Heap after GC invocations=18 (full 0):
 garbage-first heap   total 1048576K, used 125265K [0x0000000700000000, 0x0000000800000000)
  region size 8192K, 1 young (8192K), 1 survivors (8192K)
 Metaspace       used 37061K, committed 37568K, reserved 1114112K
  class space    used 4505K, committed 4736K, reserved 1048576K
}
Event: 9.598 GC heap before
{Heap before GC invocations=19 (full 0):
 garbage-first heap   total 1048576K, used 428369K [0x0000000700000000, 0x0000000800000000)
  region size 8192K, 38 young (311296K), 1 survivors (8192K)
 Metaspace       used 55365K, committed 56128K, reserved 1114112K
  class space    used 7703K, committed 8064K, reserved 1048576K
}
Event: 9.642 GC heap after
{Heap after GC invocations=20 (full 0):
 garbage-first heap   total 1048576K, used 185996K [0x0000000700000000, 0x0000000800000000)
  region size 8192K, 2 young (16384K), 2 survivors (16384K)
 Metaspace       used 55365K, committed 56128K, reserved 1114112K
  class space    used 7703K, committed 8064K, reserved 1048576K
}
Event: 10.507 GC heap before
{Heap before GC invocations=20 (full 0):
 garbage-first heap   total 1048576K, used 218764K [0x0000000700000000, 0x0000000800000000)
  region size 8192K, 7 young (57344K), 2 survivors (16384K)
 Metaspace       used 62529K, committed 63360K, reserved 1114112K
  class space    used 9199K, committed 9600K, reserved 1048576K
}
Event: 10.534 GC heap after
{Heap after GC invocations=21 (full 0):
 garbage-first heap   total 1048576K, used 190017K [0x0000000700000000, 0x0000000800000000)
  region size 8192K, 1 young (8192K), 1 survivors (8192K)
 Metaspace       used 62529K, committed 63360K, reserved 1114112K
  class space    used 9199K, committed 9600K, reserved 1048576K
}
Event: 10.573 GC heap before
{Heap before GC invocations=21 (full 0):
 garbage-first heap   total 1048576K, used 190017K [0x0000000700000000, 0x0000000800000000)
  region size 8192K, 2 young (16384K), 1 survivors (8192K)
 Metaspace       used 62867K, committed 63680K, reserved 1114112K
  class space    used 9258K, committed 9664K, reserved 1048576K
}
Event: 10.584 GC heap after
{Heap after GC invocations=22 (full 0):
 garbage-first heap   total 1048576K, used 191238K [0x0000000700000000, 0x0000000800000000)
  region size 8192K, 1 young (8192K), 1 survivors (8192K)
 Metaspace       used 62867K, committed 63680K, reserved 1114112K
  class space    used 9258K, committed 9664K, reserved 1048576K
}
Event: 10.616 GC heap before
{Heap before GC invocations=22 (full 0):
 garbage-first heap   total 1048576K, used 191238K [0x0000000700000000, 0x0000000800000000)
  region size 8192K, 2 young (16384K), 1 survivors (8192K)
 Metaspace       used 63140K, committed 64000K, reserved 1114112K
  class space    used 9318K, committed 9728K, reserved 1048576K
}
Event: 10.621 GC heap after
{Heap after GC invocations=23 (full 0):
 garbage-first heap   total 1048576K, used 191623K [0x0000000700000000, 0x0000000800000000)
  region size 8192K, 1 young (8192K), 1 survivors (8192K)
 Metaspace       used 63140K, committed 64000K, reserved 1114112K
  class space    used 9318K, committed 9728K, reserved 1048576K
}
Event: 14.209 GC heap before
{Heap before GC invocations=24 (full 0):
 garbage-first heap   total 1048576K, used 601223K [0x0000000700000000, 0x0000000800000000)
  region size 8192K, 51 young (417792K), 1 survivors (8192K)
 Metaspace       used 78765K, committed 79744K, reserved 1179648K
  class space    used 11705K, committed 12160K, reserved 1048576K
}
Event: 14.247 GC heap after
{Heap after GC invocations=25 (full 0):
 garbage-first heap   total 1048576K, used 220123K [0x0000000700000000, 0x0000000800000000)
  region size 8192K, 2 young (16384K), 2 survivors (16384K)
 Metaspace       used 78765K, committed 79744K, reserved 1179648K
  class space    used 11705K, committed 12160K, reserved 1048576K
}
Event: 17.002 GC heap before
{Heap before GC invocations=25 (full 0):
 garbage-first heap   total 1048576K, used 621531K [0x0000000700000000, 0x0000000800000000)
  region size 8192K, 51 young (417792K), 2 survivors (16384K)
 Metaspace       used 93844K, committed 94784K, reserved 1179648K
  class space    used 12562K, committed 12992K, reserved 1048576K
}
Event: 17.053 GC heap after
{Heap after GC invocations=26 (full 0):
 garbage-first heap   total 1048576K, used 262144K [0x0000000700000000, 0x0000000800000000)
  region size 8192K, 2 young (16384K), 2 survivors (16384K)
 Metaspace       used 93844K, committed 94784K, reserved 1179648K
  class space    used 12562K, committed 12992K, reserved 1048576K
}
Event: 20.048 GC heap before
{Heap before GC invocations=26 (full 0):
 garbage-first heap   total 1048576K, used 442368K [0x0000000700000000, 0x0000000800000000)
  region size 8192K, 26 young (212992K), 2 survivors (16384K)
 Metaspace       used 107769K, committed 108800K, reserved 1179648K
  class space    used 14401K, committed 14848K, reserved 1048576K
}
Event: 20.095 GC heap after
{Heap after GC invocations=27 (full 0):
 garbage-first heap   total 1048576K, used 316964K [0x0000000700000000, 0x0000000800000000)
  region size 8192K, 2 young (16384K), 2 survivors (16384K)
 Metaspace       used 107769K, committed 108800K, reserved 1179648K
  class space    used 14401K, committed 14848K, reserved 1048576K
}
Event: 24.596 GC heap before
{Heap before GC invocations=28 (full 0):
 garbage-first heap   total 1048576K, used 718372K [0x0000000700000000, 0x0000000800000000)
  region size 8192K, 51 young (417792K), 2 survivors (16384K)
 Metaspace       used 118407K, committed 119552K, reserved 1179648K
  class space    used 18452K, committed 18944K, reserved 1048576K
}
Event: 24.627 GC heap after
{Heap after GC invocations=29 (full 0):
 garbage-first heap   total 1048576K, used 358760K [0x0000000700000000, 0x0000000800000000)
  region size 8192K, 2 young (16384K), 2 survivors (16384K)
 Metaspace       used 118407K, committed 119552K, reserved 1179648K
  class space    used 18452K, committed 18944K, reserved 1048576K
}

